global_palette.h
global_palette.c
algebra_icon.h
algebra_icon.c
applelogo.h
applelogo.c
battery.h
battery.c
bluetooth.h
bluetooth.c
chess_icon.h
chess_icon.c
chem_icon.h
chem_icon.c
dialog_confirmation.h
dialog_confirmation.c
dialog_corner1.h
dialog_corner1.c
dialog_corner2.h
dialog_corner2.c
dialog_corner3.h
dialog_corner3.c
dialog_corner4.h
dialog_corner4.c
finder_corner1.h
finder_corner1.c
finder_corner2.h
finder_corner2.c
finder_corner3.h
finder_corner3.c
finder_corner4.h
finder_corner4.c
finder_icon.h
finder_icon.c
geometry_icon.h
geometry_icon.c
launchpad_icon.h
launchpad_icon.c
launchpad_basic.h
launchpad_basic.c
launchpad_cprog.h
launchpad_cprog.c
menuapple.h
menuapple.c
notification.h
notification.c
pcas.h
pcas.c
search.h
search.c
settings_icon.h
settings_icon.c
trig_icon.h
trig_icon.c
word_icon.h
word_icon.c
word_file.h
word_file.c
background.h
background.c
gfx.h
